2021-02-16 14:52:32 INFO  BrowserUtilities 25 - Checking the browser type chrome
2021-02-16 14:52:39 INFO  Constants 12 - The Web application is https://www.kayak.com/
2021-02-16 14:52:42 INFO  poFlightMainPage 47 - Click on the flight link
2021-02-16 14:52:44 INFO  poFlightMainPage 53 - make the flight page load and assert it
2021-02-16 14:52:46 INFO  Hooks 21 - Launching the respective browser
2021-02-16 14:52:46 INFO  CommonUtilities 37 - loading log4j file properties 
2021-02-16 14:52:46 INFO  BrowserUtilities 25 - Checking the browser type chrome
2021-02-16 14:52:55 INFO  Constants 12 - The Web application is https://www.kayak.com/
2021-02-16 14:53:00 INFO  poFlightMainPage 47 - Click on the flight link
2021-02-16 14:53:04 INFO  poFlightMainPage 63 - Enter source city
2021-02-16 14:53:04 INFO  BrowserUtilities 84 - Performing KEYS.BACKSPACE to clear the field [[ChromeDriver: chrome on WINDOWS (4243c3e6a5d53901dae78b9e9bfe3d2f)] -> xpath: //div[@class='search-form-inner']//div[@data-placeholder='From?']]
2021-02-16 14:53:12 INFO  BrowserUtilities 84 - Performing KEYS.BACKSPACE to clear the field [[ChromeDriver: chrome on WINDOWS (4243c3e6a5d53901dae78b9e9bfe3d2f)] -> xpath: //div[@class='search-form-inner']//div[@data-placeholder='To?']]
2021-02-16 14:53:18 INFO  poFlightMainPage 96 - Entering start date :March 10
2021-02-16 14:53:19 INFO  poFlightMainPage 107 - Enering end date:March 25
2021-02-16 14:53:26 INFO  poFlightMainPage 129 - Check all the airports details selected on the left hand side of the page
2021-02-16 14:53:26 INFO  poFlightMainPage 141 - verifying the output for the airport details 
2021-02-16 14:53:30 INFO  Hooks 21 - Launching the respective browser
2021-02-16 14:53:30 INFO  CommonUtilities 37 - loading log4j file properties 
2021-02-16 14:53:30 INFO  BrowserUtilities 25 - Checking the browser type chrome
2021-02-16 14:53:39 INFO  Constants 12 - The Web application is https://www.kayak.com/
2021-02-16 14:53:42 INFO  poFlightMainPage 47 - Click on the flight link
2021-02-16 14:53:44 INFO  poFlightMainPage 63 - Enter source city
2021-02-16 14:53:45 INFO  BrowserUtilities 84 - Performing KEYS.BACKSPACE to clear the field [[ChromeDriver: chrome on WINDOWS (cec453f808f11cd2dcedbaa0e0047f10)] -> xpath: //div[@class='search-form-inner']//div[@data-placeholder='From?']]
2021-02-16 14:53:51 INFO  BrowserUtilities 84 - Performing KEYS.BACKSPACE to clear the field [[ChromeDriver: chrome on WINDOWS (cec453f808f11cd2dcedbaa0e0047f10)] -> xpath: //div[@class='search-form-inner']//div[@data-placeholder='To?']]
2021-02-16 14:53:57 INFO  poFlightMainPage 96 - Entering start date :March 1
2021-02-16 14:53:58 INFO  poFlightMainPage 107 - Enering end date:March 15
2021-02-16 14:54:04 INFO  poFlightMainPage 129 - Check all the airports details selected on the left hand side of the page
2021-02-16 14:54:04 INFO  poFlightMainPage 141 - verifying the output for the airport details 
2021-02-16 14:54:04 INFO  poFlightMainPage 151 - Displayed Flight details are
2021-02-16 14:54:04 INFO  poFlightMainPage 152 - ***************************************************
2021-02-16 14:54:04 INFO  poFlightMainPage 155 - Time 4:25
2021-02-16 14:54:04 INFO  poFlightMainPage 156 - pm
2021-02-16 14:54:04 INFO  poFlightMainPage 157 - -
2021-02-16 14:54:04 INFO  poFlightMainPage 158 - 6:30
2021-02-16 14:54:04 INFO  poFlightMainPage 159 - pm
2021-02-16 14:54:04 INFO  poFlightMainPage 160 - flight is :British Airways
2021-02-16 14:54:04 INFO  poFlightMainPage 162 - total Stops are          :2 stops
2021-02-16 14:54:04 INFO  poFlightMainPage 163 - The layover airports are :
2021-02-16 14:54:04 INFO  poFlightMainPage 164 - DFW
2021-02-16 14:54:04 INFO  poFlightMainPage 165 - LHR
2021-02-16 14:54:04 INFO  poFlightMainPage 167 - travel time :26h 35m
2021-02-16 14:54:04 INFO  poFlightMainPage 168 - From :MSP
2021-02-16 14:54:04 INFO  poFlightMainPage 169 - To   :DEL
2021-02-16 14:54:04 INFO  poFlightMainPage 170 - **********************************************************
2021-02-16 14:54:06 INFO  Hooks 21 - Launching the respective browser
2021-02-16 14:54:06 INFO  CommonUtilities 37 - loading log4j file properties 
2021-02-16 14:54:06 INFO  BrowserUtilities 25 - Checking the browser type chrome
2021-02-16 14:54:10 INFO  Constants 12 - The Web application is https://www.kayak.com/
2021-02-16 14:54:11 INFO  poFlightMainPage 47 - Click on the flight link
2021-02-16 14:54:13 INFO  poFlightMainPage 63 - Enter source city
2021-02-16 14:54:14 INFO  BrowserUtilities 84 - Performing KEYS.BACKSPACE to clear the field [[ChromeDriver: chrome on WINDOWS (eeecb5dc4e836c9579602dcd37896f59)] -> xpath: //div[@class='search-form-inner']//div[@data-placeholder='From?']]
2021-02-16 14:54:20 INFO  BrowserUtilities 84 - Performing KEYS.BACKSPACE to clear the field [[ChromeDriver: chrome on WINDOWS (eeecb5dc4e836c9579602dcd37896f59)] -> xpath: //div[@class='search-form-inner']//div[@data-placeholder='To?']]
2021-02-16 14:54:27 INFO  poFlightMainPage 96 - Entering start date :February 25
2021-02-16 14:54:28 INFO  poFlightMainPage 107 - Enering end date:March 25
2021-02-16 14:54:36 INFO  poFlightMainPage 129 - Check all the airports details selected on the left hand side of the page
2021-02-16 14:54:36 INFO  poFlightMainPage 141 - verifying the output for the airport details 
2021-02-16 14:54:36 INFO  poFlightMainPage 151 - Displayed Flight details are
2021-02-16 14:54:36 INFO  poFlightMainPage 152 - ***************************************************
2021-02-16 14:54:36 INFO  poFlightMainPage 155 - Time 7:25
2021-02-16 14:54:36 INFO  poFlightMainPage 156 - pm
2021-02-16 14:54:36 INFO  poFlightMainPage 157 - -
2021-02-16 14:54:37 INFO  poFlightMainPage 158 - 6:25
2021-02-16 14:54:37 INFO  poFlightMainPage 159 - pm
2021-02-16 14:54:37 INFO  poFlightMainPage 160 - flight is :United Airlines
2021-02-16 14:54:37 INFO  poFlightMainPage 162 - total Stops are          :2 stops
2021-02-16 14:54:37 INFO  poFlightMainPage 163 - The layover airports are :
2021-02-16 14:54:37 INFO  poFlightMainPage 164 - JFK
2021-02-16 14:54:37 INFO  poFlightMainPage 165 - DEL
2021-02-16 14:54:37 INFO  poFlightMainPage 167 - travel time :36h 30m
2021-02-16 14:54:37 INFO  poFlightMainPage 168 - From :ATL
2021-02-16 14:54:37 INFO  poFlightMainPage 169 - To   :BOM
2021-02-16 14:54:37 INFO  poFlightMainPage 170 - **********************************************************
2021-02-16 16:07:30 INFO  BrowserUtilities 25 - Checking the browser type chrome
2021-02-16 16:07:42 INFO  Constants 12 - The Web application is https://www.kayak.com/
2021-02-16 16:07:45 INFO  poFlightMainPage 47 - Click on the flight link
2021-02-16 16:07:47 INFO  poFlightMainPage 53 - make the flight page load and assert it
2021-02-16 16:07:49 INFO  Hooks 21 - Launching the respective browser
2021-02-16 16:07:49 INFO  CommonUtilities 37 - loading log4j file properties 
2021-02-16 16:07:49 INFO  BrowserUtilities 25 - Checking the browser type chrome
2021-02-16 16:07:53 INFO  Constants 12 - The Web application is https://www.kayak.com/
2021-02-16 16:07:54 INFO  poFlightMainPage 47 - Click on the flight link
2021-02-16 16:07:57 INFO  poFlightMainPage 63 - Enter source city
2021-02-16 16:07:57 INFO  BrowserUtilities 84 - Performing KEYS.BACKSPACE to clear the field [[ChromeDriver: chrome on WINDOWS (41af8176cf1dbb669b9772b9dd204864)] -> xpath: //div[@class='search-form-inner']//div[@data-placeholder='From?']]
2021-02-16 16:08:06 INFO  poFlightMainPage 74 - select nearby airports
2021-02-16 16:10:48 INFO  BrowserUtilities 84 - Performing KEYS.BACKSPACE to clear the field [[ChromeDriver: chrome on WINDOWS (41af8176cf1dbb669b9772b9dd204864)] -> xpath: //div[@class='search-form-inner']//div[@data-placeholder='To?']]
2021-02-16 16:14:22 INFO  BrowserUtilities 25 - Checking the browser type chrome
2021-02-16 16:14:29 INFO  Constants 12 - The Web application is https://www.kayak.com/
2021-02-16 16:14:31 INFO  poFlightMainPage 50 - Click on the flight link
2021-02-16 16:14:33 INFO  poFlightMainPage 56 - make the flight page load and assert it
2021-02-16 16:14:36 INFO  Hooks 21 - Launching the respective browser
2021-02-16 16:14:36 INFO  CommonUtilities 37 - loading log4j file properties 
2021-02-16 16:14:36 INFO  BrowserUtilities 25 - Checking the browser type chrome
2021-02-16 16:14:41 INFO  Constants 12 - The Web application is https://www.kayak.com/
2021-02-16 16:14:43 INFO  poFlightMainPage 50 - Click on the flight link
2021-02-16 16:14:46 INFO  poFlightMainPage 66 - Enter source city
2021-02-16 16:14:47 INFO  BrowserUtilities 84 - Performing KEYS.BACKSPACE to clear the field [[ChromeDriver: chrome on WINDOWS (ec6ae9c17f39fad84b185285ca71a388)] -> xpath: //div[@class='search-form-inner']//div[@data-placeholder='From?']]
2021-02-16 16:14:54 INFO  poFlightMainPage 77 - select nearby airports
2021-02-16 16:21:58 INFO  BrowserUtilities 25 - Checking the browser type chrome
2021-02-16 16:22:05 INFO  Constants 12 - The Web application is https://www.kayak.com/
2021-02-16 16:22:07 INFO  poFlightMainPage 50 - Click on the flight link
2021-02-16 16:22:11 INFO  poFlightMainPage 56 - make the flight page load and assert it
2021-02-16 16:22:13 INFO  Hooks 21 - Launching the respective browser
2021-02-16 16:22:13 INFO  CommonUtilities 37 - loading log4j file properties 
2021-02-16 16:22:13 INFO  BrowserUtilities 25 - Checking the browser type chrome
2021-02-16 16:22:18 INFO  Constants 12 - The Web application is https://www.kayak.com/
2021-02-16 16:22:21 INFO  poFlightMainPage 50 - Click on the flight link
2021-02-16 16:22:23 INFO  poFlightMainPage 66 - Enter source city
2021-02-16 16:22:25 INFO  BrowserUtilities 84 - Performing KEYS.BACKSPACE to clear the field [[ChromeDriver: chrome on WINDOWS (1db79e2865564d1d80d302a6e584cb8e)] -> xpath: //div[@class='search-form-inner']//div[@data-placeholder='From?']]
2021-02-16 16:22:32 INFO  poFlightMainPage 77 - select nearby airports
2021-02-16 16:32:36 INFO  BrowserUtilities 25 - Checking the browser type chrome
2021-02-16 16:32:43 INFO  Constants 12 - The Web application is https://www.kayak.com/
2021-02-16 16:32:45 INFO  poFlightMainPage 50 - Click on the flight link
2021-02-16 16:32:46 INFO  poFlightMainPage 56 - make the flight page load and assert it
2021-02-16 16:32:49 INFO  Hooks 21 - Launching the respective browser
2021-02-16 16:32:49 INFO  CommonUtilities 37 - loading log4j file properties 
2021-02-16 16:32:49 INFO  BrowserUtilities 25 - Checking the browser type chrome
2021-02-16 16:32:54 INFO  Constants 12 - The Web application is https://www.kayak.com/
2021-02-16 16:32:55 INFO  poFlightMainPage 50 - Click on the flight link
2021-02-16 16:32:57 INFO  poFlightMainPage 66 - Enter source city
2021-02-16 16:32:58 INFO  BrowserUtilities 84 - Performing KEYS.BACKSPACE to clear the field [[ChromeDriver: chrome on WINDOWS (02d0a9f416b9ecacd14d2253527441a9)] -> xpath: //div[@class='search-form-inner']//div[@data-placeholder='From?']]
2021-02-16 16:33:05 INFO  poFlightMainPage 77 - select nearby airports
2021-02-16 17:16:17 INFO  BrowserUtilities 25 - Checking the browser type chrome
2021-02-16 17:16:24 INFO  Constants 12 - The Web application is https://www.kayak.com/
2021-02-16 17:16:26 INFO  poFlightMainPage 50 - Click on the flight link
2021-02-16 17:16:29 INFO  poFlightMainPage 56 - make the flight page load and assert it
2021-02-16 17:16:34 INFO  Hooks 21 - Launching the respective browser
2021-02-16 17:16:34 INFO  CommonUtilities 37 - loading log4j file properties 
2021-02-16 17:16:34 INFO  BrowserUtilities 25 - Checking the browser type chrome
2021-02-16 17:16:40 INFO  Constants 12 - The Web application is https://www.kayak.com/
2021-02-16 17:16:41 INFO  poFlightMainPage 50 - Click on the flight link
2021-02-16 17:16:43 INFO  poFlightMainPage 66 - Enter source city
2021-02-16 17:16:44 INFO  BrowserUtilities 84 - Performing KEYS.BACKSPACE to clear the field [[ChromeDriver: chrome on WINDOWS (14d1011f35d6fa7fab3abe2ca954fefd)] -> xpath: //div[@class='search-form-inner']//div[@data-placeholder='From?']]
2021-02-16 17:16:52 INFO  poFlightMainPage 77 - select nearby airports
2021-02-16 17:19:35 INFO  BrowserUtilities 25 - Checking the browser type chrome
2021-02-16 17:19:41 INFO  Constants 12 - The Web application is https://www.kayak.com/
2021-02-16 17:19:43 INFO  poFlightMainPage 50 - Click on the flight link
2021-02-16 17:19:46 INFO  poFlightMainPage 56 - make the flight page load and assert it
2021-02-16 17:19:48 INFO  Hooks 21 - Launching the respective browser
2021-02-16 17:19:48 INFO  CommonUtilities 37 - loading log4j file properties 
2021-02-16 17:19:48 INFO  BrowserUtilities 25 - Checking the browser type chrome
2021-02-16 17:19:53 INFO  Constants 12 - The Web application is https://www.kayak.com/
2021-02-16 17:19:54 INFO  poFlightMainPage 50 - Click on the flight link
2021-02-16 17:19:56 INFO  poFlightMainPage 66 - Enter source city
2021-02-16 17:19:57 INFO  BrowserUtilities 84 - Performing KEYS.BACKSPACE to clear the field [[ChromeDriver: chrome on WINDOWS (8295ffd6ba630af0c41fe52c109329dc)] -> xpath: //div[@class='search-form-inner']//div[@data-placeholder='From?']]
2021-02-16 17:20:04 INFO  poFlightMainPage 77 - select nearby airports
2021-03-31 12:50:33 INFO  BrowserUtilities 25 - Checking the browser type chrome
2021-03-31 12:50:54 INFO  Constants 12 - The Web application is https://www.kayak.com/
2021-03-31 12:50:58 INFO  poFlightMainPage 50 - Click on the flight link
2021-03-31 12:51:04 INFO  poFlightMainPage 56 - make the flight page load and assert it
2021-03-31 12:51:08 INFO  Hooks 21 - Launching the respective browser
2021-03-31 12:51:08 INFO  CommonUtilities 37 - loading log4j file properties 
2021-03-31 12:51:08 INFO  BrowserUtilities 25 - Checking the browser type chrome
2021-03-31 12:51:14 INFO  Constants 12 - The Web application is https://www.kayak.com/
2021-03-31 12:51:16 INFO  poFlightMainPage 50 - Click on the flight link
2021-03-31 12:51:19 INFO  poFlightMainPage 66 - Enter source city
2021-03-31 12:51:20 INFO  BrowserUtilities 84 - Performing KEYS.BACKSPACE to clear the field [[ChromeDriver: chrome on WINDOWS (c8148df389b5079f16ad9b943ecb2e5b)] -> xpath: //div[@class='search-form-inner']//div[@data-placeholder='From?']]
2021-03-31 12:51:31 INFO  BrowserUtilities 84 - Performing KEYS.BACKSPACE to clear the field [[ChromeDriver: chrome on WINDOWS (c8148df389b5079f16ad9b943ecb2e5b)] -> xpath: //div[@class='search-form-inner']//div[@data-placeholder='To?']]
2021-03-31 12:51:38 INFO  poFlightMainPage 103 - Entering start date :March 10
2021-03-31 12:51:39 INFO  poFlightMainPage 114 - Enering end date:March 25
2021-03-31 12:51:53 INFO  poFlightMainPage 136 - Check all the airports details selected on the left hand side of the page
2021-03-31 12:51:57 INFO  poFlightMainPage 148 - verifying the output for the airport details 
